{"message":"\tHello World!","level":"info","timestamp":"2020-05-15T12:48:11.791Z"}
{"message":"\tinfolog","level":"info","timestamp":"2020-05-15T12:48:11.795Z"}
{"message":"\tinfolog","level":"warn","timestamp":"2020-05-15T12:48:11.796Z"}
{"message":"\tinfolog","level":"error","timestamp":"2020-05-15T12:48:11.797Z"}
{"message":"\tHello World!","level":"info","timestamp":"2020-05-15T12:49:29.956Z"}
{"message":"\tinfolog","level":"info","timestamp":"2020-05-15T12:49:29.966Z"}
{"message":"\tinfolog","level":"warn","timestamp":"2020-05-15T12:49:29.967Z"}
{"message":"\tinfolog","level":"error","timestamp":"2020-05-15T12:49:29.967Z"}
{"message":"\tWinston init","level":"info","timestamp":"2020-05-15T12:51:08.963Z"}
{"message":"\tWinston init","level":"info","timestamp":"2020-05-15T12:51:33.473Z"}
{"message":"\tWinston init","level":"info","timestamp":"2020-05-15T12:52:02.469Z"}
{"message":"\tWinston init","level":"info","timestamp":"2020-05-15T12:52:09.195Z"}
{"message":"\tWinston init","level":"info","timestamp":"2020-05-15T12:53:24.000Z"}
{"message":"Winston init","level":"info","timestamp":"2020-05-15T12:53:40.786Z"}
{"message":"Winston init","level":"info","timestamp":"2020-05-15T12:53:46.724Z"}
{"message":"Winston init","level":"info","timestamp":"2020-05-15T12:54:18.977Z"}
{"message":"Winston init","level":"info","timestamp":"2020-05-15T12:55:27.445Z"}
{"message":"Winston init","level":"info","timestamp":"2020-05-15T12:57:25.897Z"}
{"message":"Example app listening on port 3000!","level":"info","timestamp":"2020-05-15T12:57:25.902Z"}
{"message":"Winston init","level":"info","timestamp":"2020-05-15T12:57:33.284Z"}
{"message":"Example app listening on port 3000!","level":"info","timestamp":"2020-05-15T12:57:33.288Z"}
{"message":"Winston init","level":"info","timestamp":"2020-05-15T12:57:58.184Z"}
{"message":"Example app listening on port 3000!","level":"info","timestamp":"2020-05-15T12:57:58.188Z"}
{"message":"Winston init","level":"info","timestamp":"2020-05-15T12:58:02.953Z"}
{"message":"Example app listening on port 3000!","level":"info","timestamp":"2020-05-15T12:58:02.957Z"}
